<?xml version="1.0" encoding="UTF-8"?>
<!-- Generated by org.testng.reporters.JUnitReportReporter -->
<testsuite skipped="0" hostname="admin-PC" name="com.capsulecrm.testcases.TC_AddPerson_002" tests="1" failures="0" timestamp="26 May 2019 14:15:28 GMT" time="3.824" errors="0">
  <testcase name="Addnewperson" time="3.824" classname="com.capsulecrm.testcases.TC_AddPerson_002"/>
</testsuite> <!-- com.capsulecrm.testcases.TC_AddPerson_002 -->
