<?xml version="1.0" encoding="UTF-8"?>
<!-- Generated by org.testng.reporters.JUnitReportReporter -->
<testsuite hostname="admin-PC" name="com.capsulecrm.testcases.TC_Loginpage_001" tests="1" failures="0" timestamp="27 May 2019 15:17:17 GMT" time="4.086" errors="0">
  <testcase name="UserLogin" time="4.086" classname="com.capsulecrm.testcases.TC_Loginpage_001"/>
</testsuite> <!-- com.capsulecrm.testcases.TC_Loginpage_001 -->
