<?xml version="1.0" encoding="UTF-8"?>
<!-- Generated by org.testng.reporters.JUnitReportReporter -->
<testsuite hostname="admin-PC" name="com.capsulecrm.testcases.TC_AddNewPersonDetails_003" tests="1" failures="0" timestamp="27 May 2019 15:17:17 GMT" time="0.357" errors="0">
  <testcase name="verfication_person" time="0.357" classname="com.capsulecrm.testcases.TC_AddNewPersonDetails_003"/>
</testsuite> <!-- com.capsulecrm.testcases.TC_AddNewPersonDetails_003 -->
