<?xml version="1.0" encoding="UTF-8"?>
<!-- Generated by org.testng.reporters.JUnitReportReporter -->
<testsuite hostname="admin-PC" name="com.capsulecrm.testcases.TC_AddPerson_002" tests="1" failures="0" timestamp="27 May 2019 15:17:17 GMT" time="5.430" errors="0">
  <testcase name="Addnewperson" time="5.430" classname="com.capsulecrm.testcases.TC_AddPerson_002"/>
</testsuite> <!-- com.capsulecrm.testcases.TC_AddPerson_002 -->
